<?xml version="1.0" encoding="UTF-8"?><testsuite errors="0" failures="0" name="com.studentapp.studentinfo.StudentCURDTest" skipped="0" tests="4" time="20.88" timestamp="2023-03-01T01:06:19.448Z[Europe/London]"><testcase classname="com.studentapp.studentinfo.StudentCURDTest" name="This will create a new student"/><testcase classname="com.studentapp.studentinfo.StudentCURDTest" name="Verify if student is created"/><testcase classname="com.studentapp.studentinfo.StudentCURDTest" name="Update the user and verify the updated information"/><testcase classname="com.studentapp.studentinfo.StudentCURDTest" name="Delete the student and verify if the student is deleted"/></testsuite>