<?xml version="1.0" encoding="UTF-8"?><testsuite errors="0" failures="0" name="com.studentapp.studentinfo.StudentCURDTestWithSteps" skipped="0" tests="4" time="8.77" timestamp="2023-03-01T02:40:19.320Z[Europe/London]"><testcase classname="com.studentapp.studentinfo.StudentCURDTestWithSteps" name="This will create a new student"/><testcase classname="com.studentapp.studentinfo.StudentCURDTestWithSteps" name="Verify if student is created"/><testcase classname="com.studentapp.studentinfo.StudentCURDTestWithSteps" name="Update the student information"/><testcase classname="com.studentapp.studentinfo.StudentCURDTestWithSteps" name="Delete student information by id and get information by id"/></testsuite>